<?xml version="1.0" encoding="UTF-8"?>
<coverage generated="1584405769704" clover="3.2.0">
  <project timestamp="1584405769704" name="All files">
    <metrics statements="6" coveredstatements="6" conditionals="3" coveredconditionals="0" methods="2" coveredmethods="2" elements="11" coveredelements="8" complexity="0" loc="6" ncloc="6" packages="1" files="2" classes="2"/>
    <file name="createResponse.js" path="/Users/hannahriley/alchemy/career-track/http-lab/lib/utils/createResponse.js">
      <metrics statements="2" coveredstatements="2" conditionals="3" coveredconditionals="0" methods="1" coveredmethods="1"/>
      <line num="1" count="1" type="cond" truecount="0" falsecount="3"/>
      <line num="2" count="1" type="stmt"/>
    </file>
    <file name="parseRequest.js" path="/Users/hannahriley/alchemy/career-track/http-lab/lib/utils/parseRequest.js">
      <metrics statements="4" coveredstatements="4" conditionals="0" coveredconditionals="0" methods="1" coveredmethods="1"/>
      <line num="30" count="1" type="stmt"/>
      <line num="31" count="2" type="stmt"/>
      <line num="32" count="2" type="stmt"/>
      <line num="33" count="2" type="stmt"/>
    </file>
  </project>
</coverage>
