{"/Users/hannahriley/alchemy/career-track/http-lab/lib/app.js": {"path":"/Users/hannahriley/alchemy/career-track/http-lab/lib/app.js","statementMap":{"0":{"start":{"line":1,"column":12},"end":{"line":1,"column":26}},"1":{"start":{"line":2,"column":21},"end":{"line":2,"column":52}},"2":{"start":{"line":3,"column":23},"end":{"line":3,"column":56}},"3":{"start":{"line":5,"column":12},"end":{"line":43,"column":2}},"4":{"start":{"line":6,"column":2},"end":{"line":42,"column":5}},"5":{"start":{"line":7,"column":20},"end":{"line":7,"column":49}},"6":{"start":{"line":8,"column":4},"end":{"line":40,"column":5}},"7":{"start":{"line":9,"column":6},"end":{"line":17,"column":10}},"8":{"start":{"line":18,"column":11},"end":{"line":40,"column":5}},"9":{"start":{"line":19,"column":6},"end":{"line":27,"column":10}},"10":{"start":{"line":29,"column":11},"end":{"line":40,"column":5}},"11":{"start":{"line":30,"column":6},"end":{"line":38,"column":10}},"12":{"start":{"line":41,"column":4},"end":{"line":41,"column":106}},"13":{"start":{"line":45,"column":0},"end":{"line":45,"column":21}}},"fnMap":{"0":{"name":"(anonymous_0)","decl":{"start":{"line":5,"column":29},"end":{"line":5,"column":30}},"loc":{"start":{"line":5,"column":39},"end":{"line":43,"column":1}},"line":5},"1":{"name":"(anonymous_1)","decl":{"start":{"line":6,"column":20},"end":{"line":6,"column":21}},"loc":{"start":{"line":6,"column":28},"end":{"line":42,"column":3}},"line":6}},"branchMap":{"0":{"loc":{"start":{"line":8,"column":4},"end":{"line":40,"column":5}},"type":"if","locations":[{"start":{"line":8,"column":4},"end":{"line":40,"column":5}},{"start":{"line":8,"column":4},"end":{"line":40,"column":5}}],"line":8},"1":{"loc":{"start":{"line":18,"column":11},"end":{"line":40,"column":5}},"type":"if","locations":[{"start":{"line":18,"column":11},"end":{"line":40,"column":5}},{"start":{"line":18,"column":11},"end":{"line":40,"column":5}}],"line":18},"2":{"loc":{"start":{"line":29,"column":11},"end":{"line":40,"column":5}},"type":"if","locations":[{"start":{"line":29,"column":11},"end":{"line":40,"column":5}},{"start":{"line":29,"column":11},"end":{"line":40,"column":5}}],"line":29}},"s":{"0":1,"1":1,"2":1,"3":1,"4":1,"5":1,"6":1,"7":0,"8":1,"9":0,"10":1,"11":0,"12":1,"13":1},"f":{"0":1,"1":1},"b":{"0":[0,1],"1":[0,1],"2":[0,1]},"_coverageSchema":"43e27e138ebf9cfc5966b082cf9a028302ed4184","hash":"024b2ae6deca2c1410209072758854c6f0a98e7a"}
,"/Users/hannahriley/alchemy/career-track/http-lab/lib/utils/createResponse.js": {"path":"/Users/hannahriley/alchemy/career-track/http-lab/lib/utils/createResponse.js","statementMap":{"0":{"start":{"line":1,"column":0},"end":{"line":7,"column":2}},"1":{"start":{"line":2,"column":2},"end":{"line":6,"column":16}}},"fnMap":{"0":{"name":"(anonymous_0)","decl":{"start":{"line":1,"column":17},"end":{"line":1,"column":18}},"loc":{"start":{"line":1,"column":82},"end":{"line":7,"column":1}},"line":1}},"branchMap":{"0":{"loc":{"start":{"line":1,"column":20},"end":{"line":1,"column":29}},"type":"default-arg","locations":[{"start":{"line":1,"column":27},"end":{"line":1,"column":29}}],"line":1},"1":{"loc":{"start":{"line":1,"column":31},"end":{"line":1,"column":56}},"type":"default-arg","locations":[{"start":{"line":1,"column":45},"end":{"line":1,"column":56}}],"line":1},"2":{"loc":{"start":{"line":1,"column":58},"end":{"line":1,"column":75}},"type":"default-arg","locations":[{"start":{"line":1,"column":67},"end":{"line":1,"column":75}}],"line":1}},"s":{"0":2,"1":2},"f":{"0":2},"b":{"0":[0],"1":[0],"2":[0]},"_coverageSchema":"43e27e138ebf9cfc5966b082cf9a028302ed4184","hash":"e20594a77c3baa91d145d93bd64fec032731501d"}
,"/Users/hannahriley/alchemy/career-track/http-lab/lib/utils/parseRequest.js": {"path":"/Users/hannahriley/alchemy/career-track/http-lab/lib/utils/parseRequest.js","statementMap":{"0":{"start":{"line":30,"column":0},"end":{"line":34,"column":2}},"1":{"start":{"line":31,"column":18},"end":{"line":31,"column":49}},"2":{"start":{"line":32,"column":19},"end":{"line":32,"column":47}},"3":{"start":{"line":33,"column":2},"end":{"line":33,"column":55}}},"fnMap":{"0":{"name":"(anonymous_0)","decl":{"start":{"line":30,"column":17},"end":{"line":30,"column":18}},"loc":{"start":{"line":30,"column":31},"end":{"line":34,"column":1}},"line":30}},"branchMap":{},"s":{"0":2,"1":3,"2":3,"3":3},"f":{"0":3},"b":{},"_coverageSchema":"43e27e138ebf9cfc5966b082cf9a028302ed4184","hash":"bdf9ad140cfaa06f901c8e98138c491ad1110d53"}
}
