TN:
SF:/Users/hannahriley/alchemy/career-track/http-lab/lib/app.js
FN:5,(anonymous_0)
FN:6,(anonymous_1)
FNF:2
FNH:2
FNDA:1,(anonymous_0)
FNDA:1,(anonymous_1)
DA:1,1
DA:2,1
DA:3,1
DA:5,1
DA:6,1
DA:7,1
DA:8,1
DA:12,1
LF:8
LH:8
BRF:0
BRH:0
end_of_record
TN:
SF:/Users/hannahriley/alchemy/career-track/http-lab/lib/utils/createResponse.js
FN:1,(anonymous_0)
FNF:1
FNH:1
FNDA:2,(anonymous_0)
DA:1,2
DA:2,2
LF:2
LH:2
BRDA:1,0,0,0
BRDA:1,1,0,0
BRDA:1,2,0,0
BRF:3
BRH:0
end_of_record
TN:
SF:/Users/hannahriley/alchemy/career-track/http-lab/lib/utils/parseRequest.js
FN:30,(anonymous_0)
FNF:1
FNH:1
FNDA:3,(anonymous_0)
DA:30,2
DA:31,3
DA:32,3
DA:33,3
LF:4
LH:4
BRF:0
BRH:0
end_of_record
